{
  "RSpec": {
    "coverage": {
      "/Users/apprentice/Desktop/schoolwork/dev_bootcamp/phase_3/final_group/random_acts_of_kindness/racts/spec/controllers/application_controller_spec.rb": [
        1,
        null,
        1,
        1,
        3,
        3,
        3,
        3,
        null,
        null,
        1,
        1,
        1,
        null,
        null,
        null,
        null,
        1,
        1,
        1,
        1,
        1,
        1,
        null,
        null,
        1,
        1,
        1,
        1,
        1,
        null,
        null,
        null,
        null
      ],
      "/Users/apprentice/Desktop/schoolwork/dev_bootcamp/phase_3/final_group/random_acts_of_kindness/racts/spec/rails_helper.rb": [
        null,
        1,
        1,
        1,
        1,
        null,
        null,
        null,
        null,
        null,
        null,
        null,
        null,
        null,
        null,
        null,
        null,
        null,
        null,
        null,
        null,
        null,
        null,
        null,
        1,
        null,
        1,
        null,
        1,
        null,
        null,
        null,
        null,
        1,
        null,
        null,
        null,
        null,
        null,
        null,
        null,
        null,
        null,
        null,
        null,
        null,
        null,
        null,
        1,
        null
      ],
      "/Users/apprentice/Desktop/schoolwork/dev_bootcamp/phase_3/final_group/random_acts_of_kindness/racts/config/environment.rb": [
        null,
        1,
        null,
        null,
        1
      ],
      "/Users/apprentice/Desktop/schoolwork/dev_bootcamp/phase_3/final_group/random_acts_of_kindness/racts/config/application.rb": [
        1,
        null,
        null,
        1,
        1,
        1,
        1,
        1,
        1,
        null,
        null,
        null,
        null,
        1,
        null,
        1,
        1,
        1,
        1,
        1,
        1,
        null,
        null,
        null,
        null,
        null,
        null,
        null,
        null,
        null
      ],
      "/Users/apprentice/Desktop/schoolwork/dev_bootcamp/phase_3/final_group/random_acts_of_kindness/racts/config/boot.rb": [
        null,
        1,
        null,
        1
      ],
      "/Users/apprentice/Desktop/schoolwork/dev_bootcamp/phase_3/final_group/random_acts_of_kindness/racts/config/environments/test.rb": [
        1,
        null,
        null,
        null,
        null,
        null,
        null,
        1,
        null,
        null,
        null,
        null,
        1,
        null,
        null,
        1,
        1,
        null,
        null,
        1,
        1,
        null,
        null,
        1,
        null,
        null,
        1,
        null,
        null,
        null,
        null,
        1,
        null,
        null,
        1,
        null,
        null,
        null,
        null
      ],
      "/Users/apprentice/Desktop/schoolwork/dev_bootcamp/phase_3/final_group/random_acts_of_kindness/racts/config/initializers/assets.rb": [
        null,
        null,
        null,
        1,
        null,
        null,
        null,
        null
      ],
      "/Users/apprentice/Desktop/schoolwork/dev_bootcamp/phase_3/final_group/random_acts_of_kindness/racts/config/initializers/backtrace_silencers.rb": [
        null,
        null,
        null,
        null,
        null,
        null,
        null
      ],
      "/Users/apprentice/Desktop/schoolwork/dev_bootcamp/phase_3/final_group/random_acts_of_kindness/racts/config/initializers/cookies_serializer.rb": [
        null,
        null,
        1
      ],
      "/Users/apprentice/Desktop/schoolwork/dev_bootcamp/phase_3/final_group/random_acts_of_kindness/racts/config/initializers/filter_parameter_logging.rb": [
        null,
        null,
        null,
        1
      ],
      "/Users/apprentice/Desktop/schoolwork/dev_bootcamp/phase_3/final_group/random_acts_of_kindness/racts/config/initializers/inflections.rb": [
        null,
        null,
        null,
        null,
        null,
        null,
        null,
        null,
        null,
        null,
        null,
        null,
        null,
        null,
        null,
        null
      ],
      "/Users/apprentice/Desktop/schoolwork/dev_bootcamp/phase_3/final_group/random_acts_of_kindness/racts/config/initializers/mime_types.rb": [
        null,
        null,
        null,
        null
      ],
      "/Users/apprentice/Desktop/schoolwork/dev_bootcamp/phase_3/final_group/random_acts_of_kindness/racts/config/initializers/session_store.rb": [
        null,
        null,
        1
      ],
      "/Users/apprentice/Desktop/schoolwork/dev_bootcamp/phase_3/final_group/random_acts_of_kindness/racts/config/initializers/wrap_parameters.rb": [
        null,
        null,
        null,
        null,
        null,
        null,
        1,
        1,
        null,
        null,
        null,
        null,
        null,
        null
      ],
      "/Users/apprentice/Desktop/schoolwork/dev_bootcamp/phase_3/final_group/random_acts_of_kindness/racts/spec/factories/assignments.rb": [
        1,
        1,
        null,
        null,
        null,
        null
      ],
      "/Users/apprentice/Desktop/schoolwork/dev_bootcamp/phase_3/final_group/random_acts_of_kindness/racts/spec/factories/categories.rb": [
        1,
        1,
        7,
        1,
        1,
        1,
        1,
        null,
        null,
        null
      ],
      "/Users/apprentice/Desktop/schoolwork/dev_bootcamp/phase_3/final_group/random_acts_of_kindness/racts/spec/factories/listings.rb": [
        1,
        1,
        null,
        null,
        null,
        null
      ],
      "/Users/apprentice/Desktop/schoolwork/dev_bootcamp/phase_3/final_group/random_acts_of_kindness/racts/spec/factories/relationships.rb": [
        1,
        1,
        null,
        null,
        null,
        null
      ],
      "/Users/apprentice/Desktop/schoolwork/dev_bootcamp/phase_3/final_group/random_acts_of_kindness/racts/spec/factories/subscriptions.rb": [
        1,
        1,
        1,
        1,
        1,
        1,
        null,
        null,
        null
      ],
      "/Users/apprentice/Desktop/schoolwork/dev_bootcamp/phase_3/final_group/random_acts_of_kindness/racts/spec/factories/tasks.rb": [
        1,
        1,
        17,
        1,
        1,
        1,
        1,
        null,
        null,
        null
      ],
      "/Users/apprentice/Desktop/schoolwork/dev_bootcamp/phase_3/final_group/random_acts_of_kindness/racts/spec/factories/users.rb": [
        1,
        1,
        10,
        1,
        1,
        null,
        null,
        null
      ],
      "/Users/apprentice/Desktop/schoolwork/dev_bootcamp/phase_3/final_group/random_acts_of_kindness/racts/spec/factories/votes.rb": [
        1,
        1,
        null,
        null,
        null,
        null
      ],
      "/Users/apprentice/Desktop/schoolwork/dev_bootcamp/phase_3/final_group/random_acts_of_kindness/racts/config/routes.rb": [
        1,
        null,
        null,
        null,
        null,
        1,
        1,
        1,
        1,
        1,
        1,
        1,
        1,
        1,
        1,
        1,
        null,
        null,
        null,
        null,
        null,
        null,
        null,
        null,
        null,
        null,
        null,
        null,
        null,
        null,
        null,
        null,
        null,
        null,
        null,
        null,
        null,
        null,
        null,
        null,
        null,
        null,
        null,
        null,
        null,
        null,
        null,
        null,
        null,
        null,
        null,
        null,
        null,
        null,
        null,
        null,
        null,
        null,
        null,
        null,
        null,
        null,
        null,
        null,
        null,
        null,
        null,
        null,
        null,
        null,
        null,
        null,
        null,
        null,
        null,
        null,
        null,
        null,
        null,
        null,
        null,
        null,
        null,
        null,
        null
      ],
      "/Users/apprentice/Desktop/schoolwork/dev_bootcamp/phase_3/final_group/random_acts_of_kindness/racts/app/helpers/application_helper.rb": [
        1,
        null
      ],
      "/Users/apprentice/Desktop/schoolwork/dev_bootcamp/phase_3/final_group/random_acts_of_kindness/racts/app/helpers/assignments_helper.rb": [
        1,
        null
      ],
      "/Users/apprentice/Desktop/schoolwork/dev_bootcamp/phase_3/final_group/random_acts_of_kindness/racts/app/helpers/categories_helper.rb": [
        1,
        null
      ],
      "/Users/apprentice/Desktop/schoolwork/dev_bootcamp/phase_3/final_group/random_acts_of_kindness/racts/app/helpers/subscriptions_helper.rb": [
        1,
        null
      ],
      "/Users/apprentice/Desktop/schoolwork/dev_bootcamp/phase_3/final_group/random_acts_of_kindness/racts/app/helpers/tasks_helper.rb": [
        1,
        null
      ],
      "/Users/apprentice/Desktop/schoolwork/dev_bootcamp/phase_3/final_group/random_acts_of_kindness/racts/app/helpers/users_helper.rb": [
        1,
        null
      ],
      "/Users/apprentice/Desktop/schoolwork/dev_bootcamp/phase_3/final_group/random_acts_of_kindness/racts/app/controllers/application_controller.rb": [
        1,
        null,
        null,
        1,
        1,
        null,
        1,
        null,
        null,
        1,
        2,
        2,
        2,
        2,
        1,
        1,
        1,
        null,
        1,
        null,
        null,
        0,
        null,
        null,
        null
      ],
      "/Users/apprentice/Desktop/schoolwork/dev_bootcamp/phase_3/final_group/random_acts_of_kindness/racts/spec/controllers/assignments_controller_spec.rb": [
        1,
        null,
        1,
        null,
        1,
        1,
        1,
        1,
        1,
        1,
        1,
        1,
        6,
        1,
        1,
        1,
        1,
        1,
        2,
        null,
        null,
        null
      ],
      "/Users/apprentice/Desktop/schoolwork/dev_bootcamp/phase_3/final_group/random_acts_of_kindness/racts/app/controllers/assignments_controller.rb": [
        1,
        1,
        1,
        1,
        1,
        null,
        null
      ],
      "/Users/apprentice/Desktop/schoolwork/dev_bootcamp/phase_3/final_group/random_acts_of_kindness/racts/spec/controllers/categories_controller_spec.rb": [
        1,
        null,
        1,
        null,
        1,
        1,
        1,
        1,
        1,
        null,
        1,
        1,
        1,
        1,
        null,
        null,
        1,
        1,
        1,
        null,
        null,
        null,
        null,
        1,
        1,
        1,
        null,
        null,
        null,
        null,
        1,
        1,
        1,
        1,
        1,
        1,
        1,
        null,
        1,
        1,
        1,
        null,
        null,
        null,
        null,
        null,
        null,
        null,
        null,
        null,
        null
      ],
      "/Users/apprentice/Desktop/schoolwork/dev_bootcamp/phase_3/final_group/random_acts_of_kindness/racts/app/controllers/categories_controller.rb": [
        1,
        1,
        2,
        2,
        2,
        1,
        null,
        2,
        null,
        null,
        null,
        1,
        0,
        0,
        0,
        null,
        null,
        null,
        1,
        1,
        1,
        1,
        1,
        1,
        1,
        null,
        null,
        null
      ],
      "/Users/apprentice/Desktop/schoolwork/dev_bootcamp/phase_3/final_group/random_acts_of_kindness/racts/spec/controllers/subscriptions_controller_spec.rb": [
        1,
        null,
        1,
        1,
        1,
        1,
        null,
        null,
        null,
        1,
        1,
        null,
        null,
        null,
        null,
        null
      ],
      "/Users/apprentice/Desktop/schoolwork/dev_bootcamp/phase_3/final_group/random_acts_of_kindness/racts/app/controllers/subscriptions_controller.rb": [
        1,
        1,
        0,
        0,
        0,
        0,
        0,
        null,
        null,
        1,
        0,
        0,
        0,
        0,
        0,
        null,
        null
      ],
      "/Users/apprentice/Desktop/schoolwork/dev_bootcamp/phase_3/final_group/random_acts_of_kindness/racts/spec/controllers/tasks_controller_spec.rb": [
        1,
        null,
        1,
        null,
        null
      ],
      "/Users/apprentice/Desktop/schoolwork/dev_bootcamp/phase_3/final_group/random_acts_of_kindness/racts/app/controllers/tasks_controller.rb": [
        1,
        null,
        null
      ],
      "/Users/apprentice/Desktop/schoolwork/dev_bootcamp/phase_3/final_group/random_acts_of_kindness/racts/spec/controllers/users_controller_spec.rb": [
        1,
        null,
        1,
        1,
        1,
        null,
        null,
        null,
        1,
        1,
        null,
        null,
        null
      ],
      "/Users/apprentice/Desktop/schoolwork/dev_bootcamp/phase_3/final_group/random_acts_of_kindness/racts/app/controllers/users_controller.rb": [
        1,
        null,
        1,
        0,
        null,
        null,
        1,
        0,
        0,
        0,
        0,
        null,
        null,
        1,
        0,
        0,
        0,
        0,
        null,
        0,
        0,
        0,
        null,
        0,
        null,
        0,
        0,
        null,
        null,
        null,
        null,
        null
      ],
      "/Users/apprentice/Desktop/schoolwork/dev_bootcamp/phase_3/final_group/random_acts_of_kindness/racts/spec/helpers/assignments_helper_spec.rb": [
        1,
        null,
        null,
        null,
        null,
        null,
        null,
        null,
        null,
        null,
        null,
        null,
        1,
        null,
        null
      ],
      "/Users/apprentice/Desktop/schoolwork/dev_bootcamp/phase_3/final_group/random_acts_of_kindness/racts/spec/helpers/categories_helper_spec.rb": [
        1,
        null,
        null,
        null,
        null,
        null,
        null,
        null,
        null,
        null,
        null,
        null,
        1,
        null,
        null
      ],
      "/Users/apprentice/Desktop/schoolwork/dev_bootcamp/phase_3/final_group/random_acts_of_kindness/racts/spec/helpers/subscriptions_helper_spec.rb": [
        1,
        null,
        null,
        null,
        null,
        null,
        null,
        null,
        null,
        null,
        null,
        null,
        1,
        null,
        null
      ],
      "/Users/apprentice/Desktop/schoolwork/dev_bootcamp/phase_3/final_group/random_acts_of_kindness/racts/spec/helpers/tasks_helper_spec.rb": [
        1,
        null,
        null,
        null,
        null,
        null,
        null,
        null,
        null,
        null,
        null,
        null,
        1,
        null,
        null
      ],
      "/Users/apprentice/Desktop/schoolwork/dev_bootcamp/phase_3/final_group/random_acts_of_kindness/racts/spec/helpers/users_helper_spec.rb": [
        1,
        null,
        null,
        null,
        null,
        null,
        null,
        null,
        null,
        null,
        null,
        null,
        1,
        null,
        null
      ],
      "/Users/apprentice/Desktop/schoolwork/dev_bootcamp/phase_3/final_group/random_acts_of_kindness/racts/spec/models/assignment_spec.rb": [
        1,
        null,
        1,
        1,
        2,
        2,
        2,
        2,
        null,
        null
      ],
      "/Users/apprentice/Desktop/schoolwork/dev_bootcamp/phase_3/final_group/random_acts_of_kindness/racts/app/models/assignment.rb": [
        1,
        1,
        1,
        1,
        1,
        null,
        1,
        1,
        null,
        null,
        1,
        1,
        null,
        null,
        null
      ],
      "/Users/apprentice/Desktop/schoolwork/dev_bootcamp/phase_3/final_group/random_acts_of_kindness/racts/spec/models/category_spec.rb": [
        1,
        null,
        1,
        1,
        2,
        2,
        2,
        2,
        2,
        null,
        1,
        1,
        1,
        null,
        null,
        null
      ],
      "/Users/apprentice/Desktop/schoolwork/dev_bootcamp/phase_3/final_group/random_acts_of_kindness/racts/app/models/category.rb": [
        1,
        1,
        1,
        1,
        1,
        1,
        1,
        null,
        null
      ],
      "/Users/apprentice/Desktop/schoolwork/dev_bootcamp/phase_3/final_group/random_acts_of_kindness/racts/spec/models/listing_spec.rb": [
        1,
        null,
        1,
        1,
        2,
        2,
        2,
        null,
        null,
        null
      ],
      "/Users/apprentice/Desktop/schoolwork/dev_bootcamp/phase_3/final_group/random_acts_of_kindness/racts/app/models/listing.rb": [
        1,
        1,
        1,
        1,
        null
      ],
      "/Users/apprentice/Desktop/schoolwork/dev_bootcamp/phase_3/final_group/random_acts_of_kindness/racts/spec/models/relationship_spec.rb": [
        1,
        null,
        1,
        1,
        null,
        null,
        null
      ],
      "/Users/apprentice/Desktop/schoolwork/dev_bootcamp/phase_3/final_group/random_acts_of_kindness/racts/app/models/relationship.rb": [
        1,
        null,
        null
      ],
      "/Users/apprentice/Desktop/schoolwork/dev_bootcamp/phase_3/final_group/random_acts_of_kindness/racts/spec/models/subscription_spec.rb": [
        1,
        null,
        1,
        1,
        2,
        2,
        null,
        null,
        null
      ],
      "/Users/apprentice/Desktop/schoolwork/dev_bootcamp/phase_3/final_group/random_acts_of_kindness/racts/app/models/subscription.rb": [
        1,
        1,
        1,
        null,
        1,
        0,
        0,
        0,
        0,
        0,
        0,
        0,
        null,
        0,
        0,
        0,
        null,
        null,
        null,
        null,
        1,
        5,
        5,
        5,
        9,
        9,
        null,
        null,
        null
      ],
      "/Users/apprentice/Desktop/schoolwork/dev_bootcamp/phase_3/final_group/random_acts_of_kindness/racts/spec/models/task_spec.rb": [
        1,
        null,
        1,
        1,
        2,
        2,
        2,
        2,
        2,
        null,
        1,
        1,
        1,
        null,
        null,
        null
      ],
      "/Users/apprentice/Desktop/schoolwork/dev_bootcamp/phase_3/final_group/random_acts_of_kindness/racts/app/models/task.rb": [
        1,
        1,
        1,
        1,
        1,
        1,
        null,
        1,
        9,
        0,
        null,
        null,
        9,
        9,
        9,
        9,
        9,
        9,
        0,
        null,
        null,
        null,
        null,
        null
      ],
      "/Users/apprentice/Desktop/schoolwork/dev_bootcamp/phase_3/final_group/random_acts_of_kindness/racts/spec/models/user_spec.rb": [
        1,
        null,
        1,
        1,
        null,
        2,
        2,
        2,
        2,
        2,
        null,
        null,
        null,
        1,
        1,
        1,
        1,
        1,
        2,
        null,
        null,
        null,
        1,
        null,
        1,
        1,
        1,
        1,
        1,
        1,
        1,
        4,
        null,
        null,
        1,
        1,
        1,
        1,
        1,
        1,
        1,
        6,
        4,
        null,
        null,
        1,
        1,
        1,
        1,
        1,
        1,
        1,
        6,
        1,
        1,
        null,
        null,
        null,
        1,
        1,
        1,
        null,
        null,
        null,
        null
      ],
      "/Users/apprentice/Desktop/schoolwork/dev_bootcamp/phase_3/final_group/random_acts_of_kindness/racts/app/models/user.rb": [
        1,
        null,
        1,
        null,
        1,
        1,
        1,
        1,
        1,
        null,
        null,
        1,
        null,
        1,
        2,
        null,
        null,
        1,
        10,
        10,
        null,
        null,
        1,
        5,
        5,
        5,
        null,
        null,
        1,
        1,
        1,
        3,
        3,
        3,
        3,
        3,
        null,
        1,
        null,
        null,
        1,
        1,
        null,
        null,
        1,
        0,
        0,
        null,
        null,
        null
      ],
      "/Users/apprentice/Desktop/schoolwork/dev_bootcamp/phase_3/final_group/random_acts_of_kindness/racts/spec/models/vote_spec.rb": [
        1,
        null,
        1,
        1,
        2,
        null,
        null
      ],
      "/Users/apprentice/Desktop/schoolwork/dev_bootcamp/phase_3/final_group/random_acts_of_kindness/racts/app/models/vote.rb": [
        1,
        1,
        1,
        null
      ]
    },
    "timestamp": 1425848218
  }
}
